<?xml version="1.0" encoding="UTF-8"?>
<Site BuildName="(empty)"
	BuildStamp="20250315-1143-Experimental"
	Name="ubuntu"
	Generator="ctest-3.16.3"
	CompilerName="/usr/bin/c++"
	CompilerVersion="9.4.0"
	OSName="Linux"
	Hostname="ubuntu"
	OSRelease="5.15.0-131-generic"
	OSVersion="#141~20.04.1-Ubuntu SMP Thu Jan 16 18:38:51 UTC 2025"
	OSPlatform="x86_64"
	Is64Bits="1"
	VendorString="GenuineIntel"
	VendorID="Intel Corporation"
	FamilyID="6"
	ModelID="141"
	ProcessorCacheSize="24576"
	NumberOfLogicalCPU="8"
	NumberOfPhysicalCPU="8"
	TotalVirtualMemory="2047"
	TotalPhysicalMemory="15988"
	LogicalProcessorsPerPhysical="1"
	ProcessorClockFrequency="2304"
	>
	<Testing>
		<StartDateTime>Mar 15 14:43 +03</StartDateTime>
		<StartTestTime>1742039011</StartTestTime>
		<TestList/>
		<EndDateTime>Mar 15 14:43 +03</EndDateTime>
		<EndTestTime>1742039011</EndTestTime>
		<ElapsedMinutes>0</ElapsedMinutes>
	</Testing>
</Site>
