<?xml version="1.0" encoding="UTF-8"?>
<Site BuildName="(empty)"
	BuildStamp="20241213-0804-Experimental"
	Name="Ubuntu20"
	Generator="ctest-3.16.3"
	CompilerName="/usr/bin/c++"
	CompilerVersion="9.4.0"
	OSName="Linux"
	Hostname="Ubuntu20"
	OSRelease="5.15.0-125-generic"
	OSVersion="#135~20.04.1-Ubuntu SMP Mon Oct 7 13:56:22 UTC 2024"
	OSPlatform="x86_64"
	Is64Bits="1"
	VendorString="GenuineIntel"
	VendorID="Intel Corporation"
	FamilyID="6"
	ModelID="141"
	ProcessorCacheSize="24576"
	NumberOfLogicalCPU="4"
	NumberOfPhysicalCPU="4"
	TotalVirtualMemory="2047"
	TotalPhysicalMemory="15989"
	LogicalProcessorsPerPhysical="1"
	ProcessorClockFrequency="2304"
	>
	<Testing>
		<StartDateTime>Dec 13 11:04 +03</StartDateTime>
		<StartTestTime>1734077083</StartTestTime>
		<TestList/>
		<EndDateTime>Dec 13 11:04 +03</EndDateTime>
		<EndTestTime>1734077083</EndTestTime>
		<ElapsedMinutes>0</ElapsedMinutes>
	</Testing>
</Site>
