<?xml version="1.0" encoding="UTF-8"?>
<Site BuildName="(empty)"
	BuildStamp="20250123-2109-Experimental"
	Name="ubuntu"
	Generator="ctest-3.16.3"
	CompilerName="/usr/bin/c++"
	CompilerVersion="9.4.0"
	OSName="Linux"
	Hostname="ubuntu"
	OSRelease="5.15.0-130-generic"
	OSVersion="#140~20.04.1-Ubuntu SMP Wed Dec 18 21:35:34 UTC 2024"
	OSPlatform="x86_64"
	Is64Bits="1"
	VendorString="GenuineIntel"
	VendorID="Intel Corporation"
	FamilyID="6"
	ModelID="141"
	ProcessorCacheSize="24576"
	NumberOfLogicalCPU="8"
	NumberOfPhysicalCPU="8"
	TotalVirtualMemory="2047"
	TotalPhysicalMemory="15988"
	LogicalProcessorsPerPhysical="1"
	ProcessorClockFrequency="2304"
	>
	<Testing>
		<StartDateTime>Jan 24 00:09 +03</StartDateTime>
		<StartTestTime>1737666580</StartTestTime>
		<TestList/>
		<EndDateTime>Jan 24 00:09 +03</EndDateTime>
		<EndTestTime>1737666580</EndTestTime>
		<ElapsedMinutes>0</ElapsedMinutes>
	</Testing>
</Site>
